<?xml version="1.0" encoding="UTF-8"?>
<!-- Generated by org.testng.reporters.JUnitReportReporter -->
<testsuite hostname="dominic-To-be-filled-by-O-E-M" failures="0" tests="1" name="com.runner.TestRunner" time="22.928" errors="0" timestamp="2021-11-26T22:04:36 IST" skipped="0">
  <testcase classname="com.runner.TestRunner" name="runScenario" time="22.928"/>
  <system-out/>
</testsuite> <!-- com.runner.TestRunner -->
