<?xml version="1.0" encoding="UTF-8"?>
<!-- Generated by org.testng.reporters.JUnitReportReporter -->
<testsuite skipped="0" hostname="dominic-To-be-filled-by-O-E-M" name="com.testNgClass.BrowserDriver" tests="1" failures="0" timestamp="2021-12-01T00:24:39 IST" time="1.652" errors="0">
  <testcase name="browserName" time="1.652" classname="com.testNgClass.BrowserDriver"/>
  <system-out/>
</testsuite> <!-- com.testNgClass.BrowserDriver -->
