<?xml version="1.0" encoding="UTF-8"?>
<!-- Generated by org.testng.reporters.JUnitReportReporter -->
<testsuite hostname="PCIN488277" failures="0" tests="1" name="com.testNgClass.BrowserDriver" time="0.004" errors="0" timestamp="2022-02-09T11:37:31 IST" skipped="0">
  <testcase classname="com.testNgClass.BrowserDriver" name="browserName" time="0.004"/>
  <system-out/>
</testsuite> <!-- com.testNgClass.BrowserDriver -->
