<?xml version="1.0" encoding="UTF-8"?>
<!-- Generated by org.testng.reporters.JUnitReportReporter -->
<testsuite hostname="dominic-To-be-filled-by-O-E-M" failures="0" tests="1" name="com.runner.TestRunner" time="10.057" errors="0" timestamp="2021-11-27T22:42:07 IST" skipped="0">
  <testcase classname="com.runner.TestRunner" name="runScenario" time="10.057"/>
  <system-out/>
</testsuite> <!-- com.runner.TestRunner -->
