<?xml version="1.0" encoding="UTF-8"?>
<!-- Generated by org.testng.reporters.JUnitReportReporter -->
<testsuite hostname="dominic-To-be-filled-by-O-E-M" failures="0" tests="2" name="com.runner.TestRunner" time="30.711" errors="0" timestamp="2022-02-20T22:53:31 IST" skipped="0">
  <testcase classname="com.runner.TestRunner" name="runScenario" time="16.314"/>
  <system-out/>
  <testcase classname="com.runner.TestRunner" name="runScenario" time="14.397"/>
  <system-out/>
</testsuite> <!-- com.runner.TestRunner -->
