<?xml version="1.0" encoding="UTF-8"?>
<!-- Generated by org.testng.reporters.JUnitReportReporter -->
<testsuite hostname="dominic-To-be-filled-by-O-E-M" failures="0" tests="2" name="com.runner.TestRunner" time="25.414" errors="0" timestamp="2022-03-21T23:56:21 IST" skipped="0">
  <testcase classname="com.runner.TestRunner" name="runScenario" time="15.637"/>
  <system-out/>
  <testcase classname="com.runner.TestRunner" name="runScenario" time="9.777"/>
  <system-out/>
</testsuite> <!-- com.runner.TestRunner -->
