<?xml version="1.0" encoding="UTF-8"?>
<!-- Generated by org.testng.reporters.JUnitReportReporter -->
<testsuite hostname="dominic-To-be-filled-by-O-E-M" failures="0" tests="2" name="com.runner.TestRunner" time="29.564" errors="0" timestamp="2022-02-20T20:02:10 IST" skipped="0">
  <testcase classname="com.runner.TestRunner" name="runScenario" time="13.274"/>
  <system-out/>
  <testcase classname="com.runner.TestRunner" name="runScenario" time="16.290"/>
  <system-out/>
</testsuite> <!-- com.runner.TestRunner -->
