<?xml version="1.0" encoding="UTF-8"?>
<!-- Generated by org.testng.reporters.JUnitReportReporter -->
<testsuite skipped="0" hostname="dominic-To-be-filled-by-O-E-M" name="com.runner.TestRunner" tests="2" failures="0" timestamp="2021-12-01T00:24:39 IST" time="0.261" errors="0">
  <testcase name="runScenario" time="0.129" classname="com.runner.TestRunner"/>
  <system-out/>
  <testcase name="runScenario" time="0.132" classname="com.runner.TestRunner"/>
  <system-out/>
</testsuite> <!-- com.runner.TestRunner -->
