<?xml version="1.0" encoding="UTF-8"?>
<!-- Generated by org.testng.reporters.JUnitReportReporter -->
<testsuite skipped="0" hostname="dominic-To-be-filled-by-O-E-M" name="com.testNgClass.BrowserDriver" tests="3" failures="0" timestamp="2021-12-03T02:35:43 IST" time="4.993" errors="0">
  <testcase name="browserName" time="0.001" classname="com.testNgClass.BrowserDriver"/>
  <system-out/>
  <testcase name="browser" time="2.870" classname="com.testNgClass.BrowserDriver"/>
  <system-out/>
  <testcase name="browser2" time="2.122" classname="com.testNgClass.BrowserDriver"/>
  <system-out/>
</testsuite> <!-- com.testNgClass.BrowserDriver -->
