<?xml version="1.0" encoding="UTF-8"?>
<!-- Generated by org.testng.reporters.JUnitReportReporter -->
<testsuite hostname="dominic-To-be-filled-by-O-E-M" failures="0" tests="1" name="com.testNgClass.BrowserDriver" time="0.004" errors="0" timestamp="2022-03-21T23:56:21 IST" skipped="0">
  <testcase classname="com.testNgClass.BrowserDriver" name="browserName" time="0.004"/>
  <system-out/>
</testsuite> <!-- com.testNgClass.BrowserDriver -->
