<?xml version="1.0" encoding="UTF-8"?>
<!-- Generated by org.testng.reporters.JUnitReportReporter -->
<testsuite hostname="PCIN488277" failures="0" tests="2" name="com.testNgClass.BrowserDriver" time="0.007" errors="0" timestamp="2022-01-05T11:55:40 IST" skipped="0">
  <testcase classname="com.testNgClass.BrowserDriver" name="browserName" time="0.006"/>
  <system-out/>
  <testcase classname="com.testNgClass.BrowserDriver" name="browserName" time="0.001"/>
  <system-out/>
</testsuite> <!-- com.testNgClass.BrowserDriver -->
