<?xml version="1.0" encoding="UTF-8"?>
<!-- Generated by org.testng.reporters.JUnitReportReporter -->
<testsuite hostname="dominic-To-be-filled-by-O-E-M" failures="0" tests="2" name="com.runner.TestRunner" time="31.581" errors="0" timestamp="2022-02-20T13:16:41 IST" skipped="0">
  <testcase classname="com.runner.TestRunner" name="runScenario" time="17.759"/>
  <system-out/>
  <testcase classname="com.runner.TestRunner" name="runScenario" time="13.822"/>
  <system-out/>
</testsuite> <!-- com.runner.TestRunner -->
