<?xml version="1.0" encoding="UTF-8"?>
<!-- Generated by org.testng.reporters.JUnitReportReporter -->
<testsuite skipped="0" hostname="dominic-To-be-filled-by-O-E-M" name="testSteps.NewTest" tests="1" failures="0" timestamp="2022-06-22T23:28:32 IST" time="37.554" errors="0">
  <testcase name="f" time="37.554" classname="testSteps.NewTest"/>
  <system-out/>
</testsuite> <!-- testSteps.NewTest -->
