<?xml version="1.0" encoding="UTF-8"?>
<!-- Generated by org.testng.reporters.JUnitReportReporter -->
<testsuite hostname="PCIN488277" failures="0" tests="2" name="com.runner.TestRunner" time="51.522" errors="0" timestamp="2021-12-04T00:59:09 IST" skipped="0">
  <testcase classname="com.runner.TestRunner" name="runScenario" time="25.520"/>
  <system-out/>
  <testcase classname="com.runner.TestRunner" name="runScenario" time="26.002"/>
  <system-out/>
</testsuite> <!-- com.runner.TestRunner -->
